  NeoGC.cpp
C:\Program Files (x86)\Windows Kits\10\Include\10.0.22621.0\shared\minwindef.h(130,9): warning C4005: 'APIENTRY': macro redefinition
  (compiling source file 'NeoGC.cpp')
      C:\glfw-3.4.bin.WIN64\include\GLFW\glfw3.h(123,11):
      see previous definition of 'APIENTRY'
  
C:\Users\goodn\source\repos\NeoGC\NeoGC\NeoGC.cpp(178,32): warning C4244: '=': conversion from 'std::streamsize' to 'unsigned int', possible loss of data
C:\Users\goodn\source\repos\NeoGC\NeoGC\NeoGC.cpp(318,25): warning C4244: 'initializing': conversion from 'double' to 'short', possible loss of data
C:\Users\goodn\source\repos\NeoGC\NeoGC\NeoGC.cpp(319,25): warning C4244: 'initializing': conversion from 'double' to 'short', possible loss of data
C:\Users\goodn\source\repos\NeoGC\NeoGC\NeoGC.cpp(320,25): warning C4244: 'initializing': conversion from 'double' to 'short', possible loss of data
C:\Users\goodn\source\repos\NeoGC\NeoGC\NeoGC.cpp(321,25): warning C4244: 'initializing': conversion from 'double' to 'short', possible loss of data
  tinyfiledialogs.cpp
  Generating Code...
NeoGC.obj : error LNK2019: unresolved external symbol __imp__glBegin@4 referenced in function _main
NeoGC.obj : error LNK2019: unresolved external symbol __imp__glBindTexture@8 referenced in function _main
NeoGC.obj : error LNK2019: unresolved external symbol __imp__glEnable@4 referenced in function _main
NeoGC.obj : error LNK2019: unresolved external symbol __imp__glEnd@0 referenced in function _main
NeoGC.obj : error LNK2019: unresolved external symbol __imp__glGenTextures@8 referenced in function _main
NeoGC.obj : error LNK2019: unresolved external symbol __imp__glTexCoord2d@16 referenced in function _main
NeoGC.obj : error LNK2019: unresolved external symbol __imp__glTexImage2D@36 referenced in function _main
NeoGC.obj : error LNK2019: unresolved external symbol __imp__glTexParameteri@12 referenced in function _main
NeoGC.obj : error LNK2019: unresolved external symbol __imp__glVertex2d@16 referenced in function _main
NeoGC.obj : error LNK2019: unresolved external symbol __imp__glViewport@16 referenced in function _main
NeoGC.obj : error LNK2019: unresolved external symbol _glfwInit referenced in function _main
NeoGC.obj : error LNK2019: unresolved external symbol _glfwTerminate referenced in function _main
NeoGC.obj : error LNK2019: unresolved external symbol _glfwCreateWindow referenced in function "void __cdecl createDebugViewer(void)" (?createDebugViewer@@YAXXZ)
NeoGC.obj : error LNK2019: unresolved external symbol _glfwWindowShouldClose referenced in function _main
NeoGC.obj : error LNK2019: unresolved external symbol _glfwGetWindowSize referenced in function _main
NeoGC.obj : error LNK2019: unresolved external symbol _glfwPollEvents referenced in function _main
NeoGC.obj : error LNK2019: unresolved external symbol _glfwSetKeyCallback referenced in function _main
NeoGC.obj : error LNK2019: unresolved external symbol _glfwMakeContextCurrent referenced in function _main
NeoGC.obj : error LNK2019: unresolved external symbol _glfwSwapBuffers referenced in function _main
NeoGC.obj : error LNK2019: unresolved external symbol _Pa_Initialize referenced in function "void __cdecl audioInit(void)" (?audioInit@@YAXXZ)
NeoGC.obj : error LNK2019: unresolved external symbol _Pa_OpenDefaultStream referenced in function "void __cdecl audioInit(void)" (?audioInit@@YAXXZ)
NeoGC.obj : error LNK2019: unresolved external symbol _Pa_StartStream referenced in function "void __cdecl audioInit(void)" (?audioInit@@YAXXZ)
NeoGC.obj : error LNK2019: unresolved external symbol _Pa_WriteStream referenced in function "public: __thiscall `int __cdecl main(int,char * *)'::`2'::<lambda_1>::operator()(void)const " (??R<lambda_1>@?1??main@@YAHHPAPAD@Z@QBE@XZ)
C:\Users\goodn\source\repos\NeoGC\Debug\NeoGC.exe : fatal error LNK1120: 23 unresolved externals
